<?xml version="1.0" encoding="UTF-8"?>
<testsuite xmlns:xsi="http://www.w3.org/2001/XMLSchema-instance" xsi:noNamespaceSchemaLocation="https://maven.apache.org/surefire/maven-surefire-plugin/xsd/surefire-test-report.xsd" name="ArchitectureTest" time="0.352" tests="28" errors="0" skipped="0" failures="0">
  <properties>
[...]
</properties>
  <testcase name="dependency_injection_only_by_constructor" classname="br.com.sample.java.api.hero.architecure.tests.ArchitectureTest" time="0.34"/>
  <testcase name="dependency_cycle" classname="br.com.sample.java.api.hero.architecure.tests.ArchitectureTest" time="0.005"/>
  <testcase name="controllers_should_be_in_application_controller_package" classname="br.com.sample.java.api.hero.architecure.tests.rules.ApplicationRules" time="0.001"/>
  <testcase name="request_should_be_in_application_request_package" classname="br.com.sample.java.api.hero.architecure.tests.rules.ApplicationRules" time="0"/>
  <testcase name="response_should_be_in_application_response_package" classname="br.com.sample.java.api.hero.architecure.tests.rules.ApplicationRules" time="0"/>
  <testcase name="controller_should_be_annotated_with_rest_controller" classname="br.com.sample.java.api.hero.architecure.tests.rules.ApplicationRules" time="0"/>
  <testcase name="request_and_response_should_be_implementes_serializable" classname="br.com.sample.java.api.hero.architecure.tests.rules.ApplicationRules" time="0"/>
  <testcase name="controller_should_be_only_public_methods" classname="br.com.sample.java.api.hero.architecure.tests.rules.ApplicationRules" time="0"/>
  <testcase name="request_should_be_to_dto_method" classname="br.com.sample.java.api.hero.architecure.tests.rules.ApplicationRules" time="0"/>
  <testcase name="response_should_be_from_dto_method" classname="br.com.sample.java.api.hero.architecure.tests.rules.ApplicationRules" time="0.001"/>
  <testcase name="controller_should_be_inject_only_service_impl_class" classname="br.com.sample.java.api.hero.architecure.tests.rules.ApplicationRules" time="0"/>
  <testcase name="controller_not_should_access_domain" classname="br.com.sample.java.api.hero.architecure.tests.rules.ApplicationRules" time="0"/>
  <testcase name="controllers_classes_should_be_named_x_controller" classname="br.com.sample.java.api.hero.architecure.tests.rules.ApplicationRules" time="0"/>
  <testcase name="request_classes_should_be_named_x_request" classname="br.com.sample.java.api.hero.architecure.tests.rules.ApplicationRules" time="0"/>
  <testcase name="request_classes_should_be_named_x_request" classname="br.com.sample.java.api.hero.architecure.tests.rules.ServiceRules" time="0.001"/>
  <testcase name="response_classes_should_be_named_x_response" classname="br.com.sample.java.api.hero.architecure.tests.rules.ApplicationRules" time="0.001"/>
  <testcase name="dtos_should_be_in_service_dto_package" classname="br.com.sample.java.api.hero.architecure.tests.rules.ServiceRules" time="0"/>
  <testcase name="service_should_be_in_service_package" classname="br.com.sample.java.api.hero.architecure.tests.rules.ServiceRules" time="0"/>
  <testcase name="service_impl_should_be_in_service_impl_package" classname="br.com.sample.java.api.hero.architecure.tests.rules.ServiceRules" time="0"/>
  <testcase name="service_impl_should_be_annotated_with_service" classname="br.com.sample.java.api.hero.architecure.tests.rules.ServiceRules" time="0"/>
  <testcase name="service_should_be_interfaces" classname="br.com.sample.java.api.hero.architecure.tests.rules.ServiceRules" time="0"/>
  <testcase name="dto_in_should_be_to_entity_method" classname="br.com.sample.java.api.hero.architecure.tests.rules.ServiceRules" time="0"/>
  <testcase name="dto_out_should_be_from_dto_method" classname="br.com.sample.java.api.hero.architecure.tests.rules.ServiceRules" time="0"/>
  <testcase name="entities_should_be_in_domain_entity_package" classname="br.com.sample.java.api.hero.architecure.tests.rules.DomainRules" time="0"/>
  <testcase name="entities_should_be_in_anotted_with_entity" classname="br.com.sample.java.api.hero.architecure.tests.rules.DomainRules" time="0"/>
  <testcase name="repository_should_be_in_contact_repository_package" classname="br.com.sample.java.api.hero.architecure.tests.rules.DomainRules" time="0"/>
  <testcase name="repositories_should_be_in_anotted_with_repository" classname="br.com.sample.java.api.hero.architecure.tests.rules.DomainRules" time="0"/>
  <testcase name="repository_should_be_interfaces_and_extends_jpa_repository" classname="br.com.sample.java.api.hero.architecure.tests.rules.DomainRules" time="0"/>
</testsuite>